SPACE    [2026-03-04 16:45:13,660] ---------------------------------------
SPACE    [2026-03-04 16:45:13,660] ---------------------------------------
SPACE    [2026-03-04 16:45:13,660] ---------------------------------------
SPACE    [2026-03-04 16:45:13,660] ---------------------------------------
SPACE    [2026-03-04 16:45:13,660] ---------------------------------------
ERROR    [2026-03-04 16:45:13,661] {'File not found, creating new file...': FileNotFoundError(2, 'No such file or directory')}
Traceback (most recent call last):
  File "e:\my_game\python\Aircraft\clients\Backend\_lib_.py", line 131, in reader
    with open(self._url + "/" + self._file, "r", encoding = encoding) as file:
         ~~~~^^^^^^^^^^^^^^^^^^^^^^^^^^^^^^^^^^^^^^^^^^^^^^^^^^^^^^^^
FileNotFoundError: [Errno 2] No such file or directory: 'library/data/config.json'
DEBUG    [2026-03-04 16:45:13,672] {'INITIALIAZE_CONFIG': {'level': 1, 'effect': 'True', 'music': 'True', 'language': 'EN'}}
DEBUG    [2026-03-04 16:45:13,672] {'INITIALIAZE_TEMP': {'musicID': 'None'}}
DEBUG    [2026-03-04 16:45:13,673] {'INITIALIAZE_LANGUAGE': 'EN'}
DEBUG    [2026-03-04 16:45:13,673] {'INITIALIAZE_LANGUAGE': 'UA'}
INFO     [2026-03-04 16:45:13,673] LANGUAGE LOADED...
DEBUG    [2026-03-04 16:45:13,814] {'Mode': 24}
DEBUG    [2026-03-04 16:45:13,814] {'Display driver': 'windows'}
DEBUG    [2026-03-04 16:45:13,814] {'Video info': <VideoInfo(hw = 0, wm = 1,video_mem = 0
         blit_hw = 0, blit_hw_CC = 0, blit_hw_A = 0,
         blit_sw = 0, blit_sw_CC = 0, blit_sw_A = 0,
         bitsize  = 32, bytesize = 4,
         masks =  (0x00ff0000, 0x0000ff00, 0x000000ff, 0x00000000),
         shifts = (16, 8, 0, 0),
         losses =  (0, 0, 0, 8),
         current_w = 1280, current_h = 1024
         pixel_format = SDL_PIXELFORMAT_RGB888)
>}
DEBUG    [2026-03-04 16:45:13,849] {'Procent:': 0.9322651128914785}
DEBUG    [2026-03-04 16:45:13,849] {'Size width': 1280}
DEBUG    [2026-03-04 16:45:13,849] {'Size height:': 709.4537509104151}
DEBUG    [2026-03-04 16:45:13,849] {'Conf width:': 0}
DEBUG    [2026-03-04 16:45:13,849] {'Conf height:': 157.27312454479244}
DEBUG    [2026-03-04 16:45:13,851] {'Main surface size': (1280, 709.4537509104151)}
DEBUG    [2026-03-04 16:45:13,922] {'Image size': (1280, 709)}
DEBUG    [2026-03-04 16:45:19,841] {'Image size': (1280, 709)}
DEBUG    [2026-03-04 16:45:20,360] {'Image size': (1280, 709)}
SPACE    [2026-03-04 16:45:38,569] ---------------------------------------
SPACE    [2026-03-04 16:45:38,570] ---------------------------------------
SPACE    [2026-03-04 16:45:38,570] ---------------------------------------
SPACE    [2026-03-04 16:45:38,570] ---------------------------------------
SPACE    [2026-03-04 16:45:38,570] ---------------------------------------
DEBUG    [2026-03-04 16:45:38,570] {'INITIALIAZE_CONFIG': {'level': 1, 'effect': 'True', 'music': 'True', 'language': 'UA'}}
DEBUG    [2026-03-04 16:45:38,570] {'INITIALIAZE_TEMP': {'musicID': 'None'}}
DEBUG    [2026-03-04 16:45:38,571] {'INITIALIAZE_LANGUAGE': 'EN'}
DEBUG    [2026-03-04 16:45:38,571] {'INITIALIAZE_LANGUAGE': 'UA'}
INFO     [2026-03-04 16:45:38,571] LANGUAGE LOADED...
DEBUG    [2026-03-04 16:45:38,716] {'Mode': 24}
DEBUG    [2026-03-04 16:45:38,716] {'Display driver': 'windows'}
DEBUG    [2026-03-04 16:45:38,716] {'Video info': <VideoInfo(hw = 0, wm = 1,video_mem = 0
         blit_hw = 0, blit_hw_CC = 0, blit_hw_A = 0,
         blit_sw = 0, blit_sw_CC = 0, blit_sw_A = 0,
         bitsize  = 32, bytesize = 4,
         masks =  (0x00ff0000, 0x0000ff00, 0x000000ff, 0x00000000),
         shifts = (16, 8, 0, 0),
         losses =  (0, 0, 0, 8),
         current_w = 1280, current_h = 1024
         pixel_format = SDL_PIXELFORMAT_RGB888)
>}
DEBUG    [2026-03-04 16:45:38,750] {'Procent:': 0.9322651128914785}
DEBUG    [2026-03-04 16:45:38,750] {'Size width': 1280}
DEBUG    [2026-03-04 16:45:38,750] {'Size height:': 709.4537509104151}
DEBUG    [2026-03-04 16:45:38,750] {'Conf width:': 0}
DEBUG    [2026-03-04 16:45:38,750] {'Conf height:': 157.27312454479244}
DEBUG    [2026-03-04 16:45:38,751] {'Main surface size': (1280, 709.4537509104151)}
DEBUG    [2026-03-04 16:45:38,826] {'Image size': (1280, 709)}
SPACE    [2026-03-04 16:46:11,005] ---------------------------------------
SPACE    [2026-03-04 16:46:11,005] ---------------------------------------
SPACE    [2026-03-04 16:46:11,005] ---------------------------------------
SPACE    [2026-03-04 16:46:11,005] ---------------------------------------
SPACE    [2026-03-04 16:46:11,005] ---------------------------------------
DEBUG    [2026-03-04 16:46:11,006] {'INITIALIAZE_CONFIG': {'level': 1, 'effect': 'True', 'music': 'True', 'language': 'UA'}}
DEBUG    [2026-03-04 16:46:11,006] {'INITIALIAZE_TEMP': {'musicID': 'None'}}
DEBUG    [2026-03-04 16:46:11,006] {'INITIALIAZE_LANGUAGE': 'EN'}
DEBUG    [2026-03-04 16:46:11,006] {'INITIALIAZE_LANGUAGE': 'UA'}
INFO     [2026-03-04 16:46:11,006] LANGUAGE LOADED...
DEBUG    [2026-03-04 16:46:11,142] {'Mode': 24}
DEBUG    [2026-03-04 16:46:11,142] {'Display driver': 'windows'}
DEBUG    [2026-03-04 16:46:11,142] {'Video info': <VideoInfo(hw = 0, wm = 1,video_mem = 0
         blit_hw = 0, blit_hw_CC = 0, blit_hw_A = 0,
         blit_sw = 0, blit_sw_CC = 0, blit_sw_A = 0,
         bitsize  = 32, bytesize = 4,
         masks =  (0x00ff0000, 0x0000ff00, 0x000000ff, 0x00000000),
         shifts = (16, 8, 0, 0),
         losses =  (0, 0, 0, 8),
         current_w = 1280, current_h = 1024
         pixel_format = SDL_PIXELFORMAT_RGB888)
>}
DEBUG    [2026-03-04 16:46:11,177] {'Procent:': 0.9322651128914785}
DEBUG    [2026-03-04 16:46:11,177] {'Size width': 1280}
DEBUG    [2026-03-04 16:46:11,177] {'Size height:': 709.4537509104151}
DEBUG    [2026-03-04 16:46:11,177] {'Conf width:': 0}
DEBUG    [2026-03-04 16:46:11,178] {'Conf height:': 157.27312454479244}
DEBUG    [2026-03-04 16:46:11,178] {'Main surface size': (1280, 709.4537509104151)}
DEBUG    [2026-03-04 16:46:11,237] {'Image size': (1280, 709)}
